{"/Users/maxymkostin/Documents/dev/projects/my/projects/demining/apps/functions/src/utils/localization.ts": {"path":"/Users/maxymkostin/Documents/dev/projects/my/projects/demining/apps/functions/src/utils/localization.ts","statementMap":{"0":{"start":{"line":1,"column":13},"end":{"line":1,"column":32}},"1":{"start":{"line":2,"column":13},"end":{"line":2,"column":32}},"2":{"start":{"line":5,"column":13},"end":{"line":21,"column":2}},"3":{"start":{"line":25,"column":13},"end":{"line":94,"column":2}},"4":{"start":{"line":113,"column":4},"end":{"line":113,"column":43}},"5":{"start":{"line":114,"column":4},"end":{"line":114,"column":null}},"6":{"start":{"line":115,"column":4},"end":{"line":115,"column":null}},"7":{"start":{"line":118,"column":4},"end":{"line":120,"column":5}},"8":{"start":{"line":119,"column":8},"end":{"line":119,"column":51}},"9":{"start":{"line":125,"column":8},"end":{"line":125,"column":null}},"10":{"start":{"line":125,"column":71},"end":{"line":125,"column":null}},"11":{"start":{"line":127,"column":22},"end":{"line":127,"column":31}},"12":{"start":{"line":129,"column":21},"end":{"line":129,"column":87}},"13":{"start":{"line":130,"column":27},"end":{"line":130,"column":44}},"14":{"start":{"line":133,"column":22},"end":{"line":133,"column":27}},"15":{"start":{"line":136,"column":8},"end":{"line":151,"column":9}},"16":{"start":{"line":137,"column":12},"end":{"line":137,"column":27}},"17":{"start":{"line":140,"column":12},"end":{"line":150,"column":13}},"18":{"start":{"line":142,"column":36},"end":{"line":142,"column":81}},"19":{"start":{"line":144,"column":16},"end":{"line":146,"column":17}},"20":{"start":{"line":145,"column":20},"end":{"line":145,"column":35}},"21":{"start":{"line":149,"column":16},"end":{"line":149,"column":79}},"22":{"start":{"line":155,"column":8},"end":{"line":162,"column":9}},"23":{"start":{"line":157,"column":12},"end":{"line":160,"column":13}},"24":{"start":{"line":157,"column":41},"end":{"line":157,"column":73}},"25":{"start":{"line":158,"column":16},"end":{"line":158,"column":45}},"26":{"start":{"line":159,"column":16},"end":{"line":159,"column":76}},"27":{"start":{"line":165,"column":8},"end":{"line":177,"column":9}},"28":{"start":{"line":167,"column":34},"end":{"line":167,"column":85}},"29":{"start":{"line":170,"column":37},"end":{"line":170,"column":87}},"30":{"start":{"line":170,"column":59},"end":{"line":170,"column":87}},"31":{"start":{"line":174,"column":12},"end":{"line":176,"column":13}},"32":{"start":{"line":175,"column":16},"end":{"line":175,"column":100}},"33":{"start":{"line":123,"column":4},"end":{"line":179,"column":6}},"34":{"start":{"line":123,"column":15},"end":{"line":123,"column":22}},"35":{"start":{"line":181,"column":4},"end":{"line":181,"column":47}},"36":{"start":{"line":110,"column":0},"end":{"line":110,"column":16}}},"fnMap":{"0":{"name":"findTranslatableTexts","decl":{"start":{"line":110,"column":16},"end":{"line":110,"column":37}},"loc":{"start":{"line":115,"column":34},"end":{"line":182,"column":1}}},"1":{"name":"(anonymous_2)","decl":{"start":{"line":157,"column":36},"end":{"line":157,"column":37}},"loc":{"start":{"line":157,"column":37},"end":{"line":157,"column":42}}},"2":{"name":"(anonymous_3)","decl":{"start":{"line":170,"column":54},"end":{"line":170,"column":55}},"loc":{"start":{"line":170,"column":55},"end":{"line":170,"column":60}}}},"branchMap":{"0":{"loc":{"start":{"line":113,"column":4},"end":{"line":113,"column":43}},"type":"if","locations":[{"start":{"line":113,"column":4},"end":{"line":113,"column":43}}]},"1":{"loc":{"start":{"line":114,"column":4},"end":{"line":114,"column":null}},"type":"if","locations":[{"start":{"line":114,"column":4},"end":{"line":114,"column":null}}]},"2":{"loc":{"start":{"line":115,"column":4},"end":{"line":115,"column":null}},"type":"if","locations":[{"start":{"line":115,"column":4},"end":{"line":115,"column":null}}]},"3":{"loc":{"start":{"line":118,"column":4},"end":{"line":120,"column":5}},"type":"if","locations":[{"start":{"line":118,"column":4},"end":{"line":120,"column":5}}]},"4":{"loc":{"start":{"line":118,"column":8},"end":{"line":118,"column":41}},"type":"binary-expr","locations":[{"start":{"line":118,"column":8},"end":{"line":118,"column":13}},{"start":{"line":118,"column":17},"end":{"line":118,"column":41}}]},"5":{"loc":{"start":{"line":125,"column":8},"end":{"line":125,"column":null}},"type":"if","locations":[{"start":{"line":125,"column":8},"end":{"line":125,"column":null}}]},"6":{"loc":{"start":{"line":129,"column":41},"end":{"line":129,"column":86}},"type":"cond-expr","locations":[{"start":{"line":129,"column":63},"end":{"line":129,"column":80}},{"start":{"line":129,"column":83},"end":{"line":129,"column":86}}]},"7":{"loc":{"start":{"line":136,"column":8},"end":{"line":151,"column":9}},"type":"if","locations":[{"start":{"line":136,"column":8},"end":{"line":151,"column":9}},{"start":{"line":138,"column":15},"end":{"line":151,"column":9}}]},"8":{"loc":{"start":{"line":144,"column":16},"end":{"line":146,"column":17}},"type":"if","locations":[{"start":{"line":144,"column":16},"end":{"line":146,"column":17}}]},"9":{"loc":{"start":{"line":144,"column":20},"end":{"line":144,"column":83}},"type":"binary-expr","locations":[{"start":{"line":144,"column":20},"end":{"line":144,"column":46}},{"start":{"line":144,"column":50},"end":{"line":144,"column":83}}]},"10":{"loc":{"start":{"line":155,"column":8},"end":{"line":162,"column":9}},"type":"if","locations":[{"start":{"line":155,"column":8},"end":{"line":162,"column":9}}]},"11":{"loc":{"start":{"line":155,"column":12},"end":{"line":155,"column":71}},"type":"binary-expr","locations":[{"start":{"line":155,"column":12},"end":{"line":155,"column":19}},{"start":{"line":155,"column":23},"end":{"line":155,"column":48}},{"start":{"line":155,"column":52},"end":{"line":155,"column":71}}]},"12":{"loc":{"start":{"line":157,"column":12},"end":{"line":160,"column":13}},"type":"if","locations":[{"start":{"line":157,"column":12},"end":{"line":160,"column":13}}]},"13":{"loc":{"start":{"line":165,"column":8},"end":{"line":177,"column":9}},"type":"if","locations":[{"start":{"line":165,"column":8},"end":{"line":177,"column":9}}]},"14":{"loc":{"start":{"line":165,"column":12},"end":{"line":165,"column":46}},"type":"binary-expr","locations":[{"start":{"line":165,"column":12},"end":{"line":165,"column":17}},{"start":{"line":165,"column":21},"end":{"line":165,"column":46}}]},"15":{"loc":{"start":{"line":174,"column":12},"end":{"line":176,"column":13}},"type":"if","locations":[{"start":{"line":174,"column":12},"end":{"line":176,"column":13}}]}},"s":{"0":1,"1":1,"2":1,"3":1,"4":35,"5":35,"6":35,"7":26,"8":1,"9":52,"10":0,"11":52,"12":52,"13":52,"14":52,"15":52,"16":10,"17":42,"18":42,"19":42,"20":15,"21":0,"22":52,"23":21,"24":50,"25":21,"26":21,"27":52,"28":18,"29":18,"30":39,"31":18,"32":17,"33":25,"34":52,"35":25,"36":1},"f":{"0":26,"1":50,"2":39},"b":{"0":[9],"1":[9],"2":[9],"3":[1],"4":[26,25],"5":[0],"6":[9,43],"7":[10,42],"8":[15],"9":[42,26],"10":[21],"11":[52,25,23],"12":[21],"13":[18],"14":[52,49],"15":[17]}}
}
