TN:
SF:src/utils/localization.ts
FN:110,findTranslatableTexts
FN:157,(anonymous_2)
FN:170,(anonymous_3)
FNF:3
FNH:3
FNDA:26,findTranslatableTexts
FNDA:50,(anonymous_2)
FNDA:39,(anonymous_3)
DA:1,1
DA:2,1
DA:5,1
DA:25,1
DA:110,1
DA:113,35
DA:114,35
DA:115,35
DA:118,26
DA:119,1
DA:123,52
DA:125,52
DA:127,52
DA:129,52
DA:130,52
DA:133,52
DA:136,52
DA:137,10
DA:140,42
DA:142,42
DA:144,42
DA:145,15
DA:149,0
DA:155,52
DA:157,50
DA:158,21
DA:159,21
DA:165,52
DA:167,18
DA:170,39
DA:174,18
DA:175,17
DA:181,25
LF:33
LH:32
BRDA:113,0,0,9
BRDA:114,1,0,9
BRDA:115,2,0,9
BRDA:118,3,0,1
BRDA:118,4,0,26
BRDA:118,4,1,25
BRDA:125,5,0,0
BRDA:129,6,0,9
BRDA:129,6,1,43
BRDA:136,7,0,10
BRDA:136,7,1,42
BRDA:144,8,0,15
BRDA:144,9,0,42
BRDA:144,9,1,26
BRDA:155,10,0,21
BRDA:155,11,0,52
BRDA:155,11,1,25
BRDA:155,11,2,23
BRDA:157,12,0,21
BRDA:165,13,0,18
BRDA:165,14,0,52
BRDA:165,14,1,49
BRDA:174,15,0,17
BRF:23
BRH:22
end_of_record
